0 info it worked if it ends with ok
1 verbose cli [ '/usr/bin/nodejs', '/usr/bin/npm', 'publish' ]
2 info using npm@1.4.21
3 info using node@v0.10.29
4 verbose publish [ '.' ]
5 verbose cache add [ '.', null ]
6 verbose cache add name=undefined spec="." args=[".",null]
7 verbose parsed url { protocol: null,
7 verbose parsed url   slashes: null,
7 verbose parsed url   auth: null,
7 verbose parsed url   host: null,
7 verbose parsed url   port: null,
7 verbose parsed url   hostname: null,
7 verbose parsed url   hash: null,
7 verbose parsed url   search: null,
7 verbose parsed url   query: null,
7 verbose parsed url   pathname: '.',
7 verbose parsed url   path: '.',
7 verbose parsed url   href: '.' }
8 silly lockFile 3a52ce78- .
9 verbose lock . /home/chris/.npm/3a52ce78-.lock
10 verbose tar pack [ '/home/chris/.npm/unique-wallpaper/0.0.5/package.tgz', '.' ]
11 verbose tarball /home/chris/.npm/unique-wallpaper/0.0.5/package.tgz
12 verbose folder .
13 info prepublish unique-wallpaper@0.0.5
14 silly lockFile 1f1177db-tar tar://.
15 verbose lock tar://. /home/chris/.npm/1f1177db-tar.lock
16 silly lockFile d2f4d03b-ique-wallpaper-0-0-5-package-tgz tar:///home/chris/.npm/unique-wallpaper/0.0.5/package.tgz
17 verbose lock tar:///home/chris/.npm/unique-wallpaper/0.0.5/package.tgz /home/chris/.npm/d2f4d03b-ique-wallpaper-0-0-5-package-tgz.lock
18 silly lockFile 1f1177db-tar tar://.
19 silly lockFile 1f1177db-tar tar://.
20 silly lockFile d2f4d03b-ique-wallpaper-0-0-5-package-tgz tar:///home/chris/.npm/unique-wallpaper/0.0.5/package.tgz
21 silly lockFile d2f4d03b-ique-wallpaper-0-0-5-package-tgz tar:///home/chris/.npm/unique-wallpaper/0.0.5/package.tgz
22 silly lockFile a7962d19-m-unique-wallpaper-0-0-5-package /home/chris/.npm/unique-wallpaper/0.0.5/package
23 verbose lock /home/chris/.npm/unique-wallpaper/0.0.5/package /home/chris/.npm/a7962d19-m-unique-wallpaper-0-0-5-package.lock
24 silly lockFile a7962d19-m-unique-wallpaper-0-0-5-package /home/chris/.npm/unique-wallpaper/0.0.5/package
25 silly lockFile a7962d19-m-unique-wallpaper-0-0-5-package /home/chris/.npm/unique-wallpaper/0.0.5/package
26 silly lockFile 3a52ce78- .
27 silly lockFile 3a52ce78- .
28 silly publish { name: 'unique-wallpaper',
28 silly publish   version: '0.0.5',
28 silly publish   description: 'Generate procedural wallpapers',
28 silly publish   main: 'index.js',
28 silly publish   scripts: { test: 'echo "Error: no test specified" && exit 1' },
28 silly publish   repository:
28 silly publish    { type: 'git',
28 silly publish      url: 'git://github.com/chris-j-major/unique-wallpaper.git' },
28 silly publish   author: { name: 'Chris Major' },
28 silly publish   license: 'MIT',
28 silly publish   dependencies: { minimist: '^1.2.0', xmlbuilder: '^4.2.1' },
28 silly publish   readme: 'unique-wallpaper\n================\n\nThe aim of this project is to generate \'procedural\' distinct wallpaper like\ngraphics.\n\nIt takes a seed (integer) and recursively uses a pseudo-random number generator\nto construct an svg image.\n\nusage\n-----\n```javascript\nvar uniqueLib = require("unique"); // load the library\nvar unique = uniqueLib({}); // initalise with defaults\n\nvar image = unique.start( 500 /* key value */)\n  .size(argv.key,argv.width||800,argv.height||600) // optional size\nvar xml = image.writeXML( true /* pretty */ ); // generate xml into a string\n```\n\n\ntests\n-----\nUsing node.js run:\n `node test/cli.js --key 54`\nto generate the image with the key `54` as `out.svg`.\n\nFor testing/batch use tun:\n  `node test/cli.js --count 500`\nto generate 500 images in a directory named `out`.\n',
28 silly publish   readmeFilename: 'readme.md',
28 silly publish   gitHead: 'f889366ed9cc9eb81488b12eb988b098284644bd',
28 silly publish   bugs: { url: 'https://github.com/chris-j-major/unique-wallpaper/issues' },
28 silly publish   _id: 'unique-wallpaper@0.0.5',
28 silly publish   _shasum: 'e88d33cd35495ea9fd3406666d705382a535692e',
28 silly publish   _from: '.' }
29 verbose request where is /unique-wallpaper
30 verbose request registry https://registry.npmjs.org/
31 verbose request id d389290e95cae22c
32 verbose url raw /unique-wallpaper
33 verbose url resolving [ 'https://registry.npmjs.org/', './unique-wallpaper' ]
34 verbose url resolved https://registry.npmjs.org/unique-wallpaper
35 verbose request where is https://registry.npmjs.org/unique-wallpaper
36 info trying registry request attempt 1 at 21:30:44
37 http PUT https://registry.npmjs.org/unique-wallpaper
38 http 403 https://registry.npmjs.org/unique-wallpaper
39 verbose headers { 'content-type': 'application/json',
39 verbose headers   'cache-control': 'max-age=300',
39 verbose headers   'content-length': '95',
39 verbose headers   'accept-ranges': 'bytes',
39 verbose headers   date: 'Thu, 03 Mar 2016 21:29:16 GMT',
39 verbose headers   via: '1.1 varnish',
39 verbose headers   connection: 'keep-alive',
39 verbose headers   'x-served-by': 'cache-ams4139-AMS',
39 verbose headers   'x-cache': 'MISS',
39 verbose headers   'x-cache-hits': '0',
39 verbose headers   'x-timer': 'S1457040554.570287,VS0,VE1553' }
40 error publish Failed PUT 403
41 error Error: "You cannot publish over the previously published version 0.0.5." : unique-wallpaper
41 error     at RegClient.<anonymous> (/usr/share/npm/node_modules/npm-registry-client/lib/request.js:300:14)
41 error     at Request._callback (/usr/share/npm/node_modules/npm-registry-client/lib/request.js:238:65)
41 error     at Request.self.callback (/usr/lib/nodejs/request/index.js:148:22)
41 error     at Request.emit (events.js:98:17)
41 error     at Request.<anonymous> (/usr/lib/nodejs/request/index.js:896:14)
41 error     at Request.emit (events.js:117:20)
41 error     at IncomingMessage.<anonymous> (/usr/lib/nodejs/request/index.js:847:12)
41 error     at IncomingMessage.emit (events.js:117:20)
41 error     at _stream_readable.js:929:16
41 error     at process._tickCallback (node.js:419:13)
42 error If you need help, you may report this *entire* log,
42 error including the npm and node versions, at:
42 error     <http://github.com/npm/npm/issues>
43 error System Linux 3.16.0-4-amd64
44 error command "/usr/bin/nodejs" "/usr/bin/npm" "publish"
45 error cwd /home/chris/unique-wallpaper
46 error node -v v0.10.29
47 error npm -v 1.4.21
48 verbose exit [ 1, true ]
